02:57:16.671 - 1606355836671,DefaultInstance@nabil-OMEN-by-HP-Laptop-15-dh0xxx,0,0,0,112
02:57:17.672 - 1606355837672,DefaultInstance@nabil-OMEN-by-HP-Laptop-15-dh0xxx,0,0,0,33
02:57:18.673 - 1606355838673,DefaultInstance@nabil-OMEN-by-HP-Laptop-15-dh0xxx,0,0,0,55
02:57:19.673 - 1606355839673,DefaultInstance@nabil-OMEN-by-HP-Laptop-15-dh0xxx,0,0,0,35
02:57:20.674 - 1606355840674,DefaultInstance@nabil-OMEN-by-HP-Laptop-15-dh0xxx,0,0,0,52
02:57:21.674 - 1606355841674,DefaultInstance@nabil-OMEN-by-HP-Laptop-15-dh0xxx,0,0,0,36
02:57:22.674 - 1606355842674,DefaultInstance@nabil-OMEN-by-HP-Laptop-15-dh0xxx,0,0,0,37
02:57:23.675 - 1606355843675,DefaultInstance@nabil-OMEN-by-HP-Laptop-15-dh0xxx,0,0,0,50
02:57:24.675 - 1606355844675,DefaultInstance@nabil-OMEN-by-HP-Laptop-15-dh0xxx,0,0,0,58
02:57:25.676 - 1606355845676,DefaultInstance@nabil-OMEN-by-HP-Laptop-15-dh0xxx,0,0,0,32
02:57:26.676 - 1606355846676,DefaultInstance@nabil-OMEN-by-HP-Laptop-15-dh0xxx,0,0,0,0
02:57:27.677 - 1606355847677,DefaultInstance@nabil-OMEN-by-HP-Laptop-15-dh0xxx,0,0,0,0
02:57:28.677 - 1606355848677,DefaultInstance@nabil-OMEN-by-HP-Laptop-15-dh0xxx,0,0,0,0
02:57:29.677 - 1606355849677,DefaultInstance@nabil-OMEN-by-HP-Laptop-15-dh0xxx,0,0,0,0
02:57:30.678 - 1606355850678,DefaultInstance@nabil-OMEN-by-HP-Laptop-15-dh0xxx,0,0,0,0
02:57:31.678 - 1606355851678,DefaultInstance@nabil-OMEN-by-HP-Laptop-15-dh0xxx,0,0,0,0
02:57:32.679 - 1606355852679,DefaultInstance@nabil-OMEN-by-HP-Laptop-15-dh0xxx,0,0,0,0
02:57:33.679 - 1606355853679,DefaultInstance@nabil-OMEN-by-HP-Laptop-15-dh0xxx,0,0,0,0
02:57:34.680 - 1606355854680,DefaultInstance@nabil-OMEN-by-HP-Laptop-15-dh0xxx,0,0,0,0
02:57:35.680 - 1606355855680,DefaultInstance@nabil-OMEN-by-HP-Laptop-15-dh0xxx,0,0,0,0
02:57:36.681 - 1606355856681,DefaultInstance@nabil-OMEN-by-HP-Laptop-15-dh0xxx,0,0,0,0
02:57:37.681 - 1606355857681,DefaultInstance@nabil-OMEN-by-HP-Laptop-15-dh0xxx,0,0,0,0
02:57:38.682 - 1606355858682,DefaultInstance@nabil-OMEN-by-HP-Laptop-15-dh0xxx,0,0,0,0
02:57:39.682 - 1606355859682,DefaultInstance@nabil-OMEN-by-HP-Laptop-15-dh0xxx,0,0,0,0
02:57:40.683 - 1606355860683,DefaultInstance@nabil-OMEN-by-HP-Laptop-15-dh0xxx,0,0,0,0
02:57:41.683 - 1606355861683,DefaultInstance@nabil-OMEN-by-HP-Laptop-15-dh0xxx,0,0,0,0
02:57:42.684 - 1606355862684,DefaultInstance@nabil-OMEN-by-HP-Laptop-15-dh0xxx,0,0,0,0
02:57:43.684 - 1606355863684,DefaultInstance@nabil-OMEN-by-HP-Laptop-15-dh0xxx,0,0,0,0
02:57:44.685 - 1606355864684,DefaultInstance@nabil-OMEN-by-HP-Laptop-15-dh0xxx,0,0,0,0
02:57:45.685 - 1606355865685,DefaultInstance@nabil-OMEN-by-HP-Laptop-15-dh0xxx,0,0,0,0
02:57:46.686 - 1606355866685,DefaultInstance@nabil-OMEN-by-HP-Laptop-15-dh0xxx,0,0,0,0
02:57:47.686 - 1606355867686,DefaultInstance@nabil-OMEN-by-HP-Laptop-15-dh0xxx,0,0,0,0
02:57:48.687 - 1606355868686,DefaultInstance@nabil-OMEN-by-HP-Laptop-15-dh0xxx,0,0,0,0
02:57:49.687 - 1606355869687,DefaultInstance@nabil-OMEN-by-HP-Laptop-15-dh0xxx,0,0,0,0
02:57:50.687 - 1606355870687,DefaultInstance@nabil-OMEN-by-HP-Laptop-15-dh0xxx,0,0,0,0
02:57:51.688 - 1606355871687,DefaultInstance@nabil-OMEN-by-HP-Laptop-15-dh0xxx,0,0,0,0
02:57:52.688 - 1606355872688,DefaultInstance@nabil-OMEN-by-HP-Laptop-15-dh0xxx,0,0,0,0
02:57:53.689 - 1606355873688,DefaultInstance@nabil-OMEN-by-HP-Laptop-15-dh0xxx,0,0,0,0
02:57:54.689 - 1606355874689,DefaultInstance@nabil-OMEN-by-HP-Laptop-15-dh0xxx,0,0,0,0
02:57:55.690 - 1606355875689,DefaultInstance@nabil-OMEN-by-HP-Laptop-15-dh0xxx,0,0,0,0
02:57:56.690 - 1606355876690,DefaultInstance@nabil-OMEN-by-HP-Laptop-15-dh0xxx,0,0,0,0
02:57:57.690 - 1606355877690,DefaultInstance@nabil-OMEN-by-HP-Laptop-15-dh0xxx,0,0,0,0
02:57:58.691 - 1606355878691,DefaultInstance@nabil-OMEN-by-HP-Laptop-15-dh0xxx,0,0,0,0
02:57:59.691 - 1606355879691,DefaultInstance@nabil-OMEN-by-HP-Laptop-15-dh0xxx,0,0,0,0
02:58:00.692 - 1606355880692,DefaultInstance@nabil-OMEN-by-HP-Laptop-15-dh0xxx,0,0,0,0
02:58:01.692 - 1606355881692,DefaultInstance@nabil-OMEN-by-HP-Laptop-15-dh0xxx,0,0,0,0
02:58:02.693 - 1606355882693,DefaultInstance@nabil-OMEN-by-HP-Laptop-15-dh0xxx,0,0,0,0
02:58:03.693 - 1606355883693,DefaultInstance@nabil-OMEN-by-HP-Laptop-15-dh0xxx,0,0,0,0
02:58:04.694 - 1606355884694,DefaultInstance@nabil-OMEN-by-HP-Laptop-15-dh0xxx,0,0,0,0
02:58:05.694 - 1606355885694,DefaultInstance@nabil-OMEN-by-HP-Laptop-15-dh0xxx,0,0,0,0
02:58:06.695 - 1606355886694,DefaultInstance@nabil-OMEN-by-HP-Laptop-15-dh0xxx,0,0,0,0
02:58:07.695 - 1606355887695,DefaultInstance@nabil-OMEN-by-HP-Laptop-15-dh0xxx,0,0,0,0
02:58:08.696 - 1606355888695,DefaultInstance@nabil-OMEN-by-HP-Laptop-15-dh0xxx,0,0,0,0
02:58:09.696 - 1606355889696,DefaultInstance@nabil-OMEN-by-HP-Laptop-15-dh0xxx,0,0,0,0
02:58:10.697 - 1606355890696,DefaultInstance@nabil-OMEN-by-HP-Laptop-15-dh0xxx,0,0,0,0
02:58:11.697 - 1606355891697,DefaultInstance@nabil-OMEN-by-HP-Laptop-15-dh0xxx,0,0,0,0
02:58:12.697 - 1606355892697,DefaultInstance@nabil-OMEN-by-HP-Laptop-15-dh0xxx,0,0,0,0
02:58:13.698 - 1606355893698,DefaultInstance@nabil-OMEN-by-HP-Laptop-15-dh0xxx,0,0,0,0
02:58:14.698 - 1606355894698,DefaultInstance@nabil-OMEN-by-HP-Laptop-15-dh0xxx,0,0,0,0
02:58:15.699 - 1606355895698,DefaultInstance@nabil-OMEN-by-HP-Laptop-15-dh0xxx,0,0,0,0
02:58:16.699 - 1606355896699,DefaultInstance@nabil-OMEN-by-HP-Laptop-15-dh0xxx,0,0,0,0
02:58:17.700 - 1606355897699,DefaultInstance@nabil-OMEN-by-HP-Laptop-15-dh0xxx,0,0,0,0
02:58:18.700 - 1606355898700,DefaultInstance@nabil-OMEN-by-HP-Laptop-15-dh0xxx,0,0,0,0
02:58:19.700 - 1606355899700,DefaultInstance@nabil-OMEN-by-HP-Laptop-15-dh0xxx,0,0,0,0
02:58:20.701 - 1606355900701,DefaultInstance@nabil-OMEN-by-HP-Laptop-15-dh0xxx,0,0,0,0
02:58:21.701 - 1606355901701,DefaultInstance@nabil-OMEN-by-HP-Laptop-15-dh0xxx,0,0,0,0
02:58:22.702 - 1606355902701,DefaultInstance@nabil-OMEN-by-HP-Laptop-15-dh0xxx,0,0,0,0
02:58:23.702 - 1606355903702,DefaultInstance@nabil-OMEN-by-HP-Laptop-15-dh0xxx,0,0,0,0
02:58:24.703 - 1606355904702,DefaultInstance@nabil-OMEN-by-HP-Laptop-15-dh0xxx,0,0,0,0
02:58:25.710 - 1606355905710,DefaultInstance@nabil-OMEN-by-HP-Laptop-15-dh0xxx,0,0,0,0
02:58:26.710 - 1606355906710,DefaultInstance@nabil-OMEN-by-HP-Laptop-15-dh0xxx,0,0,0,0
02:58:27.710 - 1606355907710,DefaultInstance@nabil-OMEN-by-HP-Laptop-15-dh0xxx,0,0,0,0
02:58:28.711 - 1606355908711,DefaultInstance@nabil-OMEN-by-HP-Laptop-15-dh0xxx,0,0,0,0
02:58:29.711 - 1606355909711,DefaultInstance@nabil-OMEN-by-HP-Laptop-15-dh0xxx,0,0,0,0
02:58:30.712 - 1606355910712,DefaultInstance@nabil-OMEN-by-HP-Laptop-15-dh0xxx,0,0,0,0
02:58:31.712 - 1606355911712,DefaultInstance@nabil-OMEN-by-HP-Laptop-15-dh0xxx,0,0,0,0
02:58:32.713 - 1606355912712,DefaultInstance@nabil-OMEN-by-HP-Laptop-15-dh0xxx,0,0,0,0
02:58:33.713 - 1606355913713,DefaultInstance@nabil-OMEN-by-HP-Laptop-15-dh0xxx,0,0,0,0
02:58:34.713 - 1606355914713,DefaultInstance@nabil-OMEN-by-HP-Laptop-15-dh0xxx,0,0,0,0
02:58:35.714 - 1606355915714,DefaultInstance@nabil-OMEN-by-HP-Laptop-15-dh0xxx,0,0,0,0
02:58:36.714 - 1606355916714,DefaultInstance@nabil-OMEN-by-HP-Laptop-15-dh0xxx,0,0,0,0
02:58:37.715 - 1606355917715,DefaultInstance@nabil-OMEN-by-HP-Laptop-15-dh0xxx,0,0,0,0
02:58:38.715 - 1606355918715,DefaultInstance@nabil-OMEN-by-HP-Laptop-15-dh0xxx,0,0,0,0
02:58:39.715 - 1606355919715,DefaultInstance@nabil-OMEN-by-HP-Laptop-15-dh0xxx,0,0,0,0
02:58:40.716 - 1606355920716,DefaultInstance@nabil-OMEN-by-HP-Laptop-15-dh0xxx,0,0,0,0
02:58:41.716 - 1606355921716,DefaultInstance@nabil-OMEN-by-HP-Laptop-15-dh0xxx,0,0,0,0
02:58:42.717 - 1606355922717,DefaultInstance@nabil-OMEN-by-HP-Laptop-15-dh0xxx,0,0,0,0
02:58:43.717 - 1606355923717,DefaultInstance@nabil-OMEN-by-HP-Laptop-15-dh0xxx,0,0,0,0
02:58:44.718 - 1606355924718,DefaultInstance@nabil-OMEN-by-HP-Laptop-15-dh0xxx,0,0,0,0
02:58:45.718 - 1606355925718,DefaultInstance@nabil-OMEN-by-HP-Laptop-15-dh0xxx,0,0,0,0
02:58:46.719 - 1606355926718,DefaultInstance@nabil-OMEN-by-HP-Laptop-15-dh0xxx,0,0,0,0
02:58:47.719 - 1606355927719,DefaultInstance@nabil-OMEN-by-HP-Laptop-15-dh0xxx,0,0,0,0
02:58:48.719 - 1606355928719,DefaultInstance@nabil-OMEN-by-HP-Laptop-15-dh0xxx,0,0,0,0
02:58:49.720 - 1606355929720,DefaultInstance@nabil-OMEN-by-HP-Laptop-15-dh0xxx,0,0,0,0
02:58:50.720 - 1606355930720,DefaultInstance@nabil-OMEN-by-HP-Laptop-15-dh0xxx,0,0,0,0
02:58:51.721 - 1606355931721,DefaultInstance@nabil-OMEN-by-HP-Laptop-15-dh0xxx,0,0,0,0
02:58:52.721 - 1606355932721,DefaultInstance@nabil-OMEN-by-HP-Laptop-15-dh0xxx,0,0,0,0
02:58:53.722 - 1606355933722,DefaultInstance@nabil-OMEN-by-HP-Laptop-15-dh0xxx,0,0,0,0
02:58:54.722 - 1606355934722,DefaultInstance@nabil-OMEN-by-HP-Laptop-15-dh0xxx,0,0,0,0
02:58:55.723 - 1606355935723,DefaultInstance@nabil-OMEN-by-HP-Laptop-15-dh0xxx,0,0,0,0
02:58:56.723 - 1606355936723,DefaultInstance@nabil-OMEN-by-HP-Laptop-15-dh0xxx,0,0,0,0
02:58:57.724 - 1606355937723,DefaultInstance@nabil-OMEN-by-HP-Laptop-15-dh0xxx,0,0,0,0
02:58:58.724 - 1606355938724,DefaultInstance@nabil-OMEN-by-HP-Laptop-15-dh0xxx,0,0,0,0
02:58:59.724 - 1606355939724,DefaultInstance@nabil-OMEN-by-HP-Laptop-15-dh0xxx,0,0,0,0
02:59:00.725 - 1606355940725,DefaultInstance@nabil-OMEN-by-HP-Laptop-15-dh0xxx,0,0,0,0
02:59:01.725 - 1606355941725,DefaultInstance@nabil-OMEN-by-HP-Laptop-15-dh0xxx,0,0,0,0
02:59:02.726 - 1606355942725,DefaultInstance@nabil-OMEN-by-HP-Laptop-15-dh0xxx,0,0,0,0
02:59:03.726 - 1606355943726,DefaultInstance@nabil-OMEN-by-HP-Laptop-15-dh0xxx,0,0,0,0
02:59:04.726 - 1606355944726,DefaultInstance@nabil-OMEN-by-HP-Laptop-15-dh0xxx,0,0,0,0
02:59:05.727 - 1606355945727,DefaultInstance@nabil-OMEN-by-HP-Laptop-15-dh0xxx,0,0,0,0
02:59:06.727 - 1606355946727,DefaultInstance@nabil-OMEN-by-HP-Laptop-15-dh0xxx,0,0,0,0
02:59:07.727 - 1606355947727,DefaultInstance@nabil-OMEN-by-HP-Laptop-15-dh0xxx,0,0,0,0
02:59:08.728 - 1606355948728,DefaultInstance@nabil-OMEN-by-HP-Laptop-15-dh0xxx,0,0,0,0
02:59:09.728 - 1606355949728,DefaultInstance@nabil-OMEN-by-HP-Laptop-15-dh0xxx,0,0,0,0
02:59:10.728 - 1606355950728,DefaultInstance@nabil-OMEN-by-HP-Laptop-15-dh0xxx,0,0,0,0
02:59:11.729 - 1606355951729,DefaultInstance@nabil-OMEN-by-HP-Laptop-15-dh0xxx,0,0,0,0
02:59:12.729 - 1606355952729,DefaultInstance@nabil-OMEN-by-HP-Laptop-15-dh0xxx,0,0,0,0
02:59:13.729 - 1606355953729,DefaultInstance@nabil-OMEN-by-HP-Laptop-15-dh0xxx,0,0,0,0
02:59:14.730 - 1606355954730,DefaultInstance@nabil-OMEN-by-HP-Laptop-15-dh0xxx,0,0,0,0
